CRITICAL - 2024-11-11 02:09:29 --> CodeIgniter\View\Exceptions\ViewException: Invalid file: "contactus.php"
[Method: GET, Route: contactus]
in SYSTEMPATH\Exceptions\FrameworkException.php on line 41.
 1 SYSTEMPATH\View\View.php(222): CodeIgniter\Exceptions\FrameworkException::forInvalidFile('contactus.php')
 2 SYSTEMPATH\Common.php(1171): CodeIgniter\View\View->render('contactus', [], true)
 3 APPPATH\Controllers\Home.php(26): view('contactus')
 4 SYSTEMPATH\CodeIgniter.php(933): App\Controllers\Home->contactus()
 5 SYSTEMPATH\CodeIgniter.php(509): CodeIgniter\CodeIgniter->runController(Object(App\Controllers\Home))
 6 SYSTEMPATH\CodeIgniter.php(355): CodeIgniter\CodeIgniter->handleRequest(null, Object(Config\Cache), false)
 7 SYSTEMPATH\Boot.php(325): CodeIgniter\CodeIgniter->run()
 8 SYSTEMPATH\Boot.php(67): CodeIgniter\Boot::runCodeIgniter(Object(CodeIgniter\CodeIgniter))
 9 FCPATH\index.php(57): CodeIgniter\Boot::bootWeb(Object(Config\Paths))
CRITICAL - 2024-11-11 02:46:32 --> CodeIgniter\View\Exceptions\ViewException: Invalid file: "contactus.php"
[Method: GET, Route: contactus]
in SYSTEMPATH\Exceptions\FrameworkException.php on line 41.
 1 SYSTEMPATH\View\View.php(222): CodeIgniter\Exceptions\FrameworkException::forInvalidFile('contactus.php')
 2 SYSTEMPATH\Common.php(1171): CodeIgniter\View\View->render('contactus', [], true)
 3 APPPATH\Controllers\Home.php(26): view('contactus')
 4 SYSTEMPATH\CodeIgniter.php(933): App\Controllers\Home->contactus()
 5 SYSTEMPATH\CodeIgniter.php(509): CodeIgniter\CodeIgniter->runController(Object(App\Controllers\Home))
 6 SYSTEMPATH\CodeIgniter.php(355): CodeIgniter\CodeIgniter->handleRequest(null, Object(Config\Cache), false)
 7 SYSTEMPATH\Boot.php(325): CodeIgniter\CodeIgniter->run()
 8 SYSTEMPATH\Boot.php(67): CodeIgniter\Boot::runCodeIgniter(Object(CodeIgniter\CodeIgniter))
 9 FCPATH\index.php(57): CodeIgniter\Boot::bootWeb(Object(Config\Paths))
CRITICAL - 2024-11-11 02:46:38 --> CodeIgniter\View\Exceptions\ViewException: Invalid file: "contactus.php"
[Method: GET, Route: contactus]
in SYSTEMPATH\Exceptions\FrameworkException.php on line 41.
 1 SYSTEMPATH\View\View.php(222): CodeIgniter\Exceptions\FrameworkException::forInvalidFile('contactus.php')
 2 SYSTEMPATH\Common.php(1171): CodeIgniter\View\View->render('contactus', [], true)
 3 APPPATH\Controllers\Home.php(26): view('contactus')
 4 SYSTEMPATH\CodeIgniter.php(933): App\Controllers\Home->contactus()
 5 SYSTEMPATH\CodeIgniter.php(509): CodeIgniter\CodeIgniter->runController(Object(App\Controllers\Home))
 6 SYSTEMPATH\CodeIgniter.php(355): CodeIgniter\CodeIgniter->handleRequest(null, Object(Config\Cache), false)
 7 SYSTEMPATH\Boot.php(325): CodeIgniter\CodeIgniter->run()
 8 SYSTEMPATH\Boot.php(67): CodeIgniter\Boot::runCodeIgniter(Object(CodeIgniter\CodeIgniter))
 9 FCPATH\index.php(57): CodeIgniter\Boot::bootWeb(Object(Config\Paths))
CRITICAL - 2024-11-11 02:46:40 --> CodeIgniter\View\Exceptions\ViewException: Invalid file: "contactus.php"
[Method: GET, Route: contactus]
in SYSTEMPATH\Exceptions\FrameworkException.php on line 41.
 1 SYSTEMPATH\View\View.php(222): CodeIgniter\Exceptions\FrameworkException::forInvalidFile('contactus.php')
 2 SYSTEMPATH\Common.php(1171): CodeIgniter\View\View->render('contactus', [], true)
 3 APPPATH\Controllers\Home.php(26): view('contactus')
 4 SYSTEMPATH\CodeIgniter.php(933): App\Controllers\Home->contactus()
 5 SYSTEMPATH\CodeIgniter.php(509): CodeIgniter\CodeIgniter->runController(Object(App\Controllers\Home))
 6 SYSTEMPATH\CodeIgniter.php(355): CodeIgniter\CodeIgniter->handleRequest(null, Object(Config\Cache), false)
 7 SYSTEMPATH\Boot.php(325): CodeIgniter\CodeIgniter->run()
 8 SYSTEMPATH\Boot.php(67): CodeIgniter\Boot::runCodeIgniter(Object(CodeIgniter\CodeIgniter))
 9 FCPATH\index.php(57): CodeIgniter\Boot::bootWeb(Object(Config\Paths))
CRITICAL - 2024-11-11 02:46:41 --> CodeIgniter\View\Exceptions\ViewException: Invalid file: "contactus.php"
[Method: GET, Route: contactus]
in SYSTEMPATH\Exceptions\FrameworkException.php on line 41.
 1 SYSTEMPATH\View\View.php(222): CodeIgniter\Exceptions\FrameworkException::forInvalidFile('contactus.php')
 2 SYSTEMPATH\Common.php(1171): CodeIgniter\View\View->render('contactus', [], true)
 3 APPPATH\Controllers\Home.php(26): view('contactus')
 4 SYSTEMPATH\CodeIgniter.php(933): App\Controllers\Home->contactus()
 5 SYSTEMPATH\CodeIgniter.php(509): CodeIgniter\CodeIgniter->runController(Object(App\Controllers\Home))
 6 SYSTEMPATH\CodeIgniter.php(355): CodeIgniter\CodeIgniter->handleRequest(null, Object(Config\Cache), false)
 7 SYSTEMPATH\Boot.php(325): CodeIgniter\CodeIgniter->run()
 8 SYSTEMPATH\Boot.php(67): CodeIgniter\Boot::runCodeIgniter(Object(CodeIgniter\CodeIgniter))
 9 FCPATH\index.php(57): CodeIgniter\Boot::bootWeb(Object(Config\Paths))
CRITICAL - 2024-11-11 02:46:41 --> CodeIgniter\View\Exceptions\ViewException: Invalid file: "contactus.php"
[Method: GET, Route: contactus]
in SYSTEMPATH\Exceptions\FrameworkException.php on line 41.
 1 SYSTEMPATH\View\View.php(222): CodeIgniter\Exceptions\FrameworkException::forInvalidFile('contactus.php')
 2 SYSTEMPATH\Common.php(1171): CodeIgniter\View\View->render('contactus', [], true)
 3 APPPATH\Controllers\Home.php(26): view('contactus')
 4 SYSTEMPATH\CodeIgniter.php(933): App\Controllers\Home->contactus()
 5 SYSTEMPATH\CodeIgniter.php(509): CodeIgniter\CodeIgniter->runController(Object(App\Controllers\Home))
 6 SYSTEMPATH\CodeIgniter.php(355): CodeIgniter\CodeIgniter->handleRequest(null, Object(Config\Cache), false)
 7 SYSTEMPATH\Boot.php(325): CodeIgniter\CodeIgniter->run()
 8 SYSTEMPATH\Boot.php(67): CodeIgniter\Boot::runCodeIgniter(Object(CodeIgniter\CodeIgniter))
 9 FCPATH\index.php(57): CodeIgniter\Boot::bootWeb(Object(Config\Paths))
CRITICAL - 2024-11-11 02:46:42 --> CodeIgniter\View\Exceptions\ViewException: Invalid file: "contactus.php"
[Method: GET, Route: contactus]
in SYSTEMPATH\Exceptions\FrameworkException.php on line 41.
 1 SYSTEMPATH\View\View.php(222): CodeIgniter\Exceptions\FrameworkException::forInvalidFile('contactus.php')
 2 SYSTEMPATH\Common.php(1171): CodeIgniter\View\View->render('contactus', [], true)
 3 APPPATH\Controllers\Home.php(26): view('contactus')
 4 SYSTEMPATH\CodeIgniter.php(933): App\Controllers\Home->contactus()
 5 SYSTEMPATH\CodeIgniter.php(509): CodeIgniter\CodeIgniter->runController(Object(App\Controllers\Home))
 6 SYSTEMPATH\CodeIgniter.php(355): CodeIgniter\CodeIgniter->handleRequest(null, Object(Config\Cache), false)
 7 SYSTEMPATH\Boot.php(325): CodeIgniter\CodeIgniter->run()
 8 SYSTEMPATH\Boot.php(67): CodeIgniter\Boot::runCodeIgniter(Object(CodeIgniter\CodeIgniter))
 9 FCPATH\index.php(57): CodeIgniter\Boot::bootWeb(Object(Config\Paths))
CRITICAL - 2024-11-11 02:46:42 --> CodeIgniter\View\Exceptions\ViewException: Invalid file: "contactus.php"
[Method: GET, Route: contactus]
in SYSTEMPATH\Exceptions\FrameworkException.php on line 41.
 1 SYSTEMPATH\View\View.php(222): CodeIgniter\Exceptions\FrameworkException::forInvalidFile('contactus.php')
 2 SYSTEMPATH\Common.php(1171): CodeIgniter\View\View->render('contactus', [], true)
 3 APPPATH\Controllers\Home.php(26): view('contactus')
 4 SYSTEMPATH\CodeIgniter.php(933): App\Controllers\Home->contactus()
 5 SYSTEMPATH\CodeIgniter.php(509): CodeIgniter\CodeIgniter->runController(Object(App\Controllers\Home))
 6 SYSTEMPATH\CodeIgniter.php(355): CodeIgniter\CodeIgniter->handleRequest(null, Object(Config\Cache), false)
 7 SYSTEMPATH\Boot.php(325): CodeIgniter\CodeIgniter->run()
 8 SYSTEMPATH\Boot.php(67): CodeIgniter\Boot::runCodeIgniter(Object(CodeIgniter\CodeIgniter))
 9 FCPATH\index.php(57): CodeIgniter\Boot::bootWeb(Object(Config\Paths))
CRITICAL - 2024-11-11 02:46:43 --> CodeIgniter\View\Exceptions\ViewException: Invalid file: "contactus.php"
[Method: GET, Route: contactus]
in SYSTEMPATH\Exceptions\FrameworkException.php on line 41.
 1 SYSTEMPATH\View\View.php(222): CodeIgniter\Exceptions\FrameworkException::forInvalidFile('contactus.php')
 2 SYSTEMPATH\Common.php(1171): CodeIgniter\View\View->render('contactus', [], true)
 3 APPPATH\Controllers\Home.php(26): view('contactus')
 4 SYSTEMPATH\CodeIgniter.php(933): App\Controllers\Home->contactus()
 5 SYSTEMPATH\CodeIgniter.php(509): CodeIgniter\CodeIgniter->runController(Object(App\Controllers\Home))
 6 SYSTEMPATH\CodeIgniter.php(355): CodeIgniter\CodeIgniter->handleRequest(null, Object(Config\Cache), false)
 7 SYSTEMPATH\Boot.php(325): CodeIgniter\CodeIgniter->run()
 8 SYSTEMPATH\Boot.php(67): CodeIgniter\Boot::runCodeIgniter(Object(CodeIgniter\CodeIgniter))
 9 FCPATH\index.php(57): CodeIgniter\Boot::bootWeb(Object(Config\Paths))
