CRITICAL - 2024-11-05 04:19:20 --> ErrorException: Undefined variable $message
[Method: GET, Route: contactus]
in APPPATH\Views\Contact.php on line 65.
 1 APPPATH\Views\Contact.php(65): CodeIgniter\Debug\Exceptions->errorHandler(2, 'Undefined variable $message', 'E:\\Xampp\\htdocs\\api\\app\\Views\\Contact.php', 65)
 2 SYSTEMPATH\View\View.php(234): include('E:\\Xampp\\htdocs\\api\\app\\Views\\Contact.php')
 3 SYSTEMPATH\View\View.php(237): CodeIgniter\View\View->CodeIgniter\View\{closure}()
 4 SYSTEMPATH\Common.php(1171): CodeIgniter\View\View->render('contact', [], true)
 5 APPPATH\Controllers\Home.php(26): view('contact')
 6 SYSTEMPATH\CodeIgniter.php(933): App\Controllers\Home->contactus()
 7 SYSTEMPATH\CodeIgniter.php(509): CodeIgniter\CodeIgniter->runController(Object(App\Controllers\Home))
 8 SYSTEMPATH\CodeIgniter.php(355): CodeIgniter\CodeIgniter->handleRequest(null, Object(Config\Cache), false)
 9 SYSTEMPATH\Boot.php(325): CodeIgniter\CodeIgniter->run()
10 SYSTEMPATH\Boot.php(67): CodeIgniter\Boot::runCodeIgniter(Object(CodeIgniter\CodeIgniter))
11 FCPATH\index.php(57): CodeIgniter\Boot::bootWeb(Object(Config\Paths))
CRITICAL - 2024-11-05 04:19:23 --> ErrorException: Undefined variable $message
[Method: GET, Route: contactus]
in APPPATH\Views\Contact.php on line 65.
 1 APPPATH\Views\Contact.php(65): CodeIgniter\Debug\Exceptions->errorHandler(2, 'Undefined variable $message', 'E:\\Xampp\\htdocs\\api\\app\\Views\\Contact.php', 65)
 2 SYSTEMPATH\View\View.php(234): include('E:\\Xampp\\htdocs\\api\\app\\Views\\Contact.php')
 3 SYSTEMPATH\View\View.php(237): CodeIgniter\View\View->CodeIgniter\View\{closure}()
 4 SYSTEMPATH\Common.php(1171): CodeIgniter\View\View->render('contact', [], true)
 5 APPPATH\Controllers\Home.php(26): view('contact')
 6 SYSTEMPATH\CodeIgniter.php(933): App\Controllers\Home->contactus()
 7 SYSTEMPATH\CodeIgniter.php(509): CodeIgniter\CodeIgniter->runController(Object(App\Controllers\Home))
 8 SYSTEMPATH\CodeIgniter.php(355): CodeIgniter\CodeIgniter->handleRequest(null, Object(Config\Cache), false)
 9 SYSTEMPATH\Boot.php(325): CodeIgniter\CodeIgniter->run()
10 SYSTEMPATH\Boot.php(67): CodeIgniter\Boot::runCodeIgniter(Object(CodeIgniter\CodeIgniter))
11 FCPATH\index.php(57): CodeIgniter\Boot::bootWeb(Object(Config\Paths))
CRITICAL - 2024-11-05 04:19:25 --> ErrorException: Undefined variable $message
[Method: GET, Route: contactus]
in APPPATH\Views\Contact.php on line 65.
 1 APPPATH\Views\Contact.php(65): CodeIgniter\Debug\Exceptions->errorHandler(2, 'Undefined variable $message', 'E:\\Xampp\\htdocs\\api\\app\\Views\\Contact.php', 65)
 2 SYSTEMPATH\View\View.php(234): include('E:\\Xampp\\htdocs\\api\\app\\Views\\Contact.php')
 3 SYSTEMPATH\View\View.php(237): CodeIgniter\View\View->CodeIgniter\View\{closure}()
 4 SYSTEMPATH\Common.php(1171): CodeIgniter\View\View->render('contact', [], true)
 5 APPPATH\Controllers\Home.php(26): view('contact')
 6 SYSTEMPATH\CodeIgniter.php(933): App\Controllers\Home->contactus()
 7 SYSTEMPATH\CodeIgniter.php(509): CodeIgniter\CodeIgniter->runController(Object(App\Controllers\Home))
 8 SYSTEMPATH\CodeIgniter.php(355): CodeIgniter\CodeIgniter->handleRequest(null, Object(Config\Cache), false)
 9 SYSTEMPATH\Boot.php(325): CodeIgniter\CodeIgniter->run()
10 SYSTEMPATH\Boot.php(67): CodeIgniter\Boot::runCodeIgniter(Object(CodeIgniter\CodeIgniter))
11 FCPATH\index.php(57): CodeIgniter\Boot::bootWeb(Object(Config\Paths))
CRITICAL - 2024-11-05 04:19:25 --> ErrorException: Undefined variable $message
[Method: GET, Route: contactus]
in APPPATH\Views\Contact.php on line 65.
 1 APPPATH\Views\Contact.php(65): CodeIgniter\Debug\Exceptions->errorHandler(2, 'Undefined variable $message', 'E:\\Xampp\\htdocs\\api\\app\\Views\\Contact.php', 65)
 2 SYSTEMPATH\View\View.php(234): include('E:\\Xampp\\htdocs\\api\\app\\Views\\Contact.php')
 3 SYSTEMPATH\View\View.php(237): CodeIgniter\View\View->CodeIgniter\View\{closure}()
 4 SYSTEMPATH\Common.php(1171): CodeIgniter\View\View->render('contact', [], true)
 5 APPPATH\Controllers\Home.php(26): view('contact')
 6 SYSTEMPATH\CodeIgniter.php(933): App\Controllers\Home->contactus()
 7 SYSTEMPATH\CodeIgniter.php(509): CodeIgniter\CodeIgniter->runController(Object(App\Controllers\Home))
 8 SYSTEMPATH\CodeIgniter.php(355): CodeIgniter\CodeIgniter->handleRequest(null, Object(Config\Cache), false)
 9 SYSTEMPATH\Boot.php(325): CodeIgniter\CodeIgniter->run()
10 SYSTEMPATH\Boot.php(67): CodeIgniter\Boot::runCodeIgniter(Object(CodeIgniter\CodeIgniter))
11 FCPATH\index.php(57): CodeIgniter\Boot::bootWeb(Object(Config\Paths))
CRITICAL - 2024-11-05 04:19:26 --> ErrorException: Undefined variable $message
[Method: GET, Route: contactus]
in APPPATH\Views\Contact.php on line 65.
 1 APPPATH\Views\Contact.php(65): CodeIgniter\Debug\Exceptions->errorHandler(2, 'Undefined variable $message', 'E:\\Xampp\\htdocs\\api\\app\\Views\\Contact.php', 65)
 2 SYSTEMPATH\View\View.php(234): include('E:\\Xampp\\htdocs\\api\\app\\Views\\Contact.php')
 3 SYSTEMPATH\View\View.php(237): CodeIgniter\View\View->CodeIgniter\View\{closure}()
 4 SYSTEMPATH\Common.php(1171): CodeIgniter\View\View->render('contact', [], true)
 5 APPPATH\Controllers\Home.php(26): view('contact')
 6 SYSTEMPATH\CodeIgniter.php(933): App\Controllers\Home->contactus()
 7 SYSTEMPATH\CodeIgniter.php(509): CodeIgniter\CodeIgniter->runController(Object(App\Controllers\Home))
 8 SYSTEMPATH\CodeIgniter.php(355): CodeIgniter\CodeIgniter->handleRequest(null, Object(Config\Cache), false)
 9 SYSTEMPATH\Boot.php(325): CodeIgniter\CodeIgniter->run()
10 SYSTEMPATH\Boot.php(67): CodeIgniter\Boot::runCodeIgniter(Object(CodeIgniter\CodeIgniter))
11 FCPATH\index.php(57): CodeIgniter\Boot::bootWeb(Object(Config\Paths))
CRITICAL - 2024-11-05 04:19:26 --> ErrorException: Undefined variable $message
[Method: GET, Route: contactus]
in APPPATH\Views\Contact.php on line 65.
 1 APPPATH\Views\Contact.php(65): CodeIgniter\Debug\Exceptions->errorHandler(2, 'Undefined variable $message', 'E:\\Xampp\\htdocs\\api\\app\\Views\\Contact.php', 65)
 2 SYSTEMPATH\View\View.php(234): include('E:\\Xampp\\htdocs\\api\\app\\Views\\Contact.php')
 3 SYSTEMPATH\View\View.php(237): CodeIgniter\View\View->CodeIgniter\View\{closure}()
 4 SYSTEMPATH\Common.php(1171): CodeIgniter\View\View->render('contact', [], true)
 5 APPPATH\Controllers\Home.php(26): view('contact')
 6 SYSTEMPATH\CodeIgniter.php(933): App\Controllers\Home->contactus()
 7 SYSTEMPATH\CodeIgniter.php(509): CodeIgniter\CodeIgniter->runController(Object(App\Controllers\Home))
 8 SYSTEMPATH\CodeIgniter.php(355): CodeIgniter\CodeIgniter->handleRequest(null, Object(Config\Cache), false)
 9 SYSTEMPATH\Boot.php(325): CodeIgniter\CodeIgniter->run()
10 SYSTEMPATH\Boot.php(67): CodeIgniter\Boot::runCodeIgniter(Object(CodeIgniter\CodeIgniter))
11 FCPATH\index.php(57): CodeIgniter\Boot::bootWeb(Object(Config\Paths))
CRITICAL - 2024-11-05 04:19:26 --> ErrorException: Undefined variable $message
[Method: GET, Route: contactus]
in APPPATH\Views\Contact.php on line 65.
 1 APPPATH\Views\Contact.php(65): CodeIgniter\Debug\Exceptions->errorHandler(2, 'Undefined variable $message', 'E:\\Xampp\\htdocs\\api\\app\\Views\\Contact.php', 65)
 2 SYSTEMPATH\View\View.php(234): include('E:\\Xampp\\htdocs\\api\\app\\Views\\Contact.php')
 3 SYSTEMPATH\View\View.php(237): CodeIgniter\View\View->CodeIgniter\View\{closure}()
 4 SYSTEMPATH\Common.php(1171): CodeIgniter\View\View->render('contact', [], true)
 5 APPPATH\Controllers\Home.php(26): view('contact')
 6 SYSTEMPATH\CodeIgniter.php(933): App\Controllers\Home->contactus()
 7 SYSTEMPATH\CodeIgniter.php(509): CodeIgniter\CodeIgniter->runController(Object(App\Controllers\Home))
 8 SYSTEMPATH\CodeIgniter.php(355): CodeIgniter\CodeIgniter->handleRequest(null, Object(Config\Cache), false)
 9 SYSTEMPATH\Boot.php(325): CodeIgniter\CodeIgniter->run()
10 SYSTEMPATH\Boot.php(67): CodeIgniter\Boot::runCodeIgniter(Object(CodeIgniter\CodeIgniter))
11 FCPATH\index.php(57): CodeIgniter\Boot::bootWeb(Object(Config\Paths))
CRITICAL - 2024-11-05 04:19:27 --> ErrorException: Undefined variable $message
[Method: GET, Route: contactus]
in APPPATH\Views\Contact.php on line 65.
 1 APPPATH\Views\Contact.php(65): CodeIgniter\Debug\Exceptions->errorHandler(2, 'Undefined variable $message', 'E:\\Xampp\\htdocs\\api\\app\\Views\\Contact.php', 65)
 2 SYSTEMPATH\View\View.php(234): include('E:\\Xampp\\htdocs\\api\\app\\Views\\Contact.php')
 3 SYSTEMPATH\View\View.php(237): CodeIgniter\View\View->CodeIgniter\View\{closure}()
 4 SYSTEMPATH\Common.php(1171): CodeIgniter\View\View->render('contact', [], true)
 5 APPPATH\Controllers\Home.php(26): view('contact')
 6 SYSTEMPATH\CodeIgniter.php(933): App\Controllers\Home->contactus()
 7 SYSTEMPATH\CodeIgniter.php(509): CodeIgniter\CodeIgniter->runController(Object(App\Controllers\Home))
 8 SYSTEMPATH\CodeIgniter.php(355): CodeIgniter\CodeIgniter->handleRequest(null, Object(Config\Cache), false)
 9 SYSTEMPATH\Boot.php(325): CodeIgniter\CodeIgniter->run()
10 SYSTEMPATH\Boot.php(67): CodeIgniter\Boot::runCodeIgniter(Object(CodeIgniter\CodeIgniter))
11 FCPATH\index.php(57): CodeIgniter\Boot::bootWeb(Object(Config\Paths))
CRITICAL - 2024-11-05 04:19:27 --> ErrorException: Undefined variable $message
[Method: GET, Route: contactus]
in APPPATH\Views\Contact.php on line 65.
 1 APPPATH\Views\Contact.php(65): CodeIgniter\Debug\Exceptions->errorHandler(2, 'Undefined variable $message', 'E:\\Xampp\\htdocs\\api\\app\\Views\\Contact.php', 65)
 2 SYSTEMPATH\View\View.php(234): include('E:\\Xampp\\htdocs\\api\\app\\Views\\Contact.php')
 3 SYSTEMPATH\View\View.php(237): CodeIgniter\View\View->CodeIgniter\View\{closure}()
 4 SYSTEMPATH\Common.php(1171): CodeIgniter\View\View->render('contact', [], true)
 5 APPPATH\Controllers\Home.php(26): view('contact')
 6 SYSTEMPATH\CodeIgniter.php(933): App\Controllers\Home->contactus()
 7 SYSTEMPATH\CodeIgniter.php(509): CodeIgniter\CodeIgniter->runController(Object(App\Controllers\Home))
 8 SYSTEMPATH\CodeIgniter.php(355): CodeIgniter\CodeIgniter->handleRequest(null, Object(Config\Cache), false)
 9 SYSTEMPATH\Boot.php(325): CodeIgniter\CodeIgniter->run()
10 SYSTEMPATH\Boot.php(67): CodeIgniter\Boot::runCodeIgniter(Object(CodeIgniter\CodeIgniter))
11 FCPATH\index.php(57): CodeIgniter\Boot::bootWeb(Object(Config\Paths))
CRITICAL - 2024-11-05 04:19:27 --> ErrorException: Undefined variable $message
[Method: GET, Route: contactus]
in APPPATH\Views\Contact.php on line 65.
 1 APPPATH\Views\Contact.php(65): CodeIgniter\Debug\Exceptions->errorHandler(2, 'Undefined variable $message', 'E:\\Xampp\\htdocs\\api\\app\\Views\\Contact.php', 65)
 2 SYSTEMPATH\View\View.php(234): include('E:\\Xampp\\htdocs\\api\\app\\Views\\Contact.php')
 3 SYSTEMPATH\View\View.php(237): CodeIgniter\View\View->CodeIgniter\View\{closure}()
 4 SYSTEMPATH\Common.php(1171): CodeIgniter\View\View->render('contact', [], true)
 5 APPPATH\Controllers\Home.php(26): view('contact')
 6 SYSTEMPATH\CodeIgniter.php(933): App\Controllers\Home->contactus()
 7 SYSTEMPATH\CodeIgniter.php(509): CodeIgniter\CodeIgniter->runController(Object(App\Controllers\Home))
 8 SYSTEMPATH\CodeIgniter.php(355): CodeIgniter\CodeIgniter->handleRequest(null, Object(Config\Cache), false)
 9 SYSTEMPATH\Boot.php(325): CodeIgniter\CodeIgniter->run()
10 SYSTEMPATH\Boot.php(67): CodeIgniter\Boot::runCodeIgniter(Object(CodeIgniter\CodeIgniter))
11 FCPATH\index.php(57): CodeIgniter\Boot::bootWeb(Object(Config\Paths))
CRITICAL - 2024-11-05 04:19:34 --> ErrorException: Undefined variable $message
[Method: GET, Route: contactus]
in APPPATH\Views\Contact.php on line 65.
 1 APPPATH\Views\Contact.php(65): CodeIgniter\Debug\Exceptions->errorHandler(2, 'Undefined variable $message', 'E:\\Xampp\\htdocs\\api\\app\\Views\\Contact.php', 65)
 2 SYSTEMPATH\View\View.php(234): include('E:\\Xampp\\htdocs\\api\\app\\Views\\Contact.php')
 3 SYSTEMPATH\View\View.php(237): CodeIgniter\View\View->CodeIgniter\View\{closure}()
 4 SYSTEMPATH\Common.php(1171): CodeIgniter\View\View->render('contact', [], true)
 5 APPPATH\Controllers\Home.php(26): view('contact')
 6 SYSTEMPATH\CodeIgniter.php(933): App\Controllers\Home->contactus()
 7 SYSTEMPATH\CodeIgniter.php(509): CodeIgniter\CodeIgniter->runController(Object(App\Controllers\Home))
 8 SYSTEMPATH\CodeIgniter.php(355): CodeIgniter\CodeIgniter->handleRequest(null, Object(Config\Cache), false)
 9 SYSTEMPATH\Boot.php(325): CodeIgniter\CodeIgniter->run()
10 SYSTEMPATH\Boot.php(67): CodeIgniter\Boot::runCodeIgniter(Object(CodeIgniter\CodeIgniter))
11 FCPATH\index.php(57): CodeIgniter\Boot::bootWeb(Object(Config\Paths))
CRITICAL - 2024-11-05 07:30:01 --> ErrorException: Undefined variable $message
[Method: GET, Route: contactus]
in APPPATH\Views\Contact.php on line 65.
 1 APPPATH\Views\Contact.php(65): CodeIgniter\Debug\Exceptions->errorHandler(2, 'Undefined variable $message', 'E:\\Xampp\\htdocs\\api\\app\\Views\\Contact.php', 65)
 2 SYSTEMPATH\View\View.php(234): include('E:\\Xampp\\htdocs\\api\\app\\Views\\Contact.php')
 3 SYSTEMPATH\View\View.php(237): CodeIgniter\View\View->CodeIgniter\View\{closure}()
 4 SYSTEMPATH\Common.php(1171): CodeIgniter\View\View->render('contact', [], true)
 5 APPPATH\Controllers\Home.php(26): view('contact')
 6 SYSTEMPATH\CodeIgniter.php(933): App\Controllers\Home->contactus()
 7 SYSTEMPATH\CodeIgniter.php(509): CodeIgniter\CodeIgniter->runController(Object(App\Controllers\Home))
 8 SYSTEMPATH\CodeIgniter.php(355): CodeIgniter\CodeIgniter->handleRequest(null, Object(Config\Cache), false)
 9 SYSTEMPATH\Boot.php(325): CodeIgniter\CodeIgniter->run()
10 SYSTEMPATH\Boot.php(67): CodeIgniter\Boot::runCodeIgniter(Object(CodeIgniter\CodeIgniter))
11 FCPATH\index.php(57): CodeIgniter\Boot::bootWeb(Object(Config\Paths))
CRITICAL - 2024-11-05 07:30:08 --> ErrorException: Undefined variable $message
[Method: GET, Route: contactus]
in APPPATH\Views\Contact.php on line 65.
 1 APPPATH\Views\Contact.php(65): CodeIgniter\Debug\Exceptions->errorHandler(2, 'Undefined variable $message', 'E:\\Xampp\\htdocs\\api\\app\\Views\\Contact.php', 65)
 2 SYSTEMPATH\View\View.php(234): include('E:\\Xampp\\htdocs\\api\\app\\Views\\Contact.php')
 3 SYSTEMPATH\View\View.php(237): CodeIgniter\View\View->CodeIgniter\View\{closure}()
 4 SYSTEMPATH\Common.php(1171): CodeIgniter\View\View->render('contact', [], true)
 5 APPPATH\Controllers\Home.php(26): view('contact')
 6 SYSTEMPATH\CodeIgniter.php(933): App\Controllers\Home->contactus()
 7 SYSTEMPATH\CodeIgniter.php(509): CodeIgniter\CodeIgniter->runController(Object(App\Controllers\Home))
 8 SYSTEMPATH\CodeIgniter.php(355): CodeIgniter\CodeIgniter->handleRequest(null, Object(Config\Cache), false)
 9 SYSTEMPATH\Boot.php(325): CodeIgniter\CodeIgniter->run()
10 SYSTEMPATH\Boot.php(67): CodeIgniter\Boot::runCodeIgniter(Object(CodeIgniter\CodeIgniter))
11 FCPATH\index.php(57): CodeIgniter\Boot::bootWeb(Object(Config\Paths))
CRITICAL - 2024-11-05 07:30:10 --> ErrorException: Undefined variable $message
[Method: GET, Route: contactus]
in APPPATH\Views\Contact.php on line 65.
 1 APPPATH\Views\Contact.php(65): CodeIgniter\Debug\Exceptions->errorHandler(2, 'Undefined variable $message', 'E:\\Xampp\\htdocs\\api\\app\\Views\\Contact.php', 65)
 2 SYSTEMPATH\View\View.php(234): include('E:\\Xampp\\htdocs\\api\\app\\Views\\Contact.php')
 3 SYSTEMPATH\View\View.php(237): CodeIgniter\View\View->CodeIgniter\View\{closure}()
 4 SYSTEMPATH\Common.php(1171): CodeIgniter\View\View->render('contact', [], true)
 5 APPPATH\Controllers\Home.php(26): view('contact')
 6 SYSTEMPATH\CodeIgniter.php(933): App\Controllers\Home->contactus()
 7 SYSTEMPATH\CodeIgniter.php(509): CodeIgniter\CodeIgniter->runController(Object(App\Controllers\Home))
 8 SYSTEMPATH\CodeIgniter.php(355): CodeIgniter\CodeIgniter->handleRequest(null, Object(Config\Cache), false)
 9 SYSTEMPATH\Boot.php(325): CodeIgniter\CodeIgniter->run()
10 SYSTEMPATH\Boot.php(67): CodeIgniter\Boot::runCodeIgniter(Object(CodeIgniter\CodeIgniter))
11 FCPATH\index.php(57): CodeIgniter\Boot::bootWeb(Object(Config\Paths))
CRITICAL - 2024-11-05 07:30:10 --> ErrorException: Undefined variable $message
[Method: GET, Route: contactus]
in APPPATH\Views\Contact.php on line 65.
 1 APPPATH\Views\Contact.php(65): CodeIgniter\Debug\Exceptions->errorHandler(2, 'Undefined variable $message', 'E:\\Xampp\\htdocs\\api\\app\\Views\\Contact.php', 65)
 2 SYSTEMPATH\View\View.php(234): include('E:\\Xampp\\htdocs\\api\\app\\Views\\Contact.php')
 3 SYSTEMPATH\View\View.php(237): CodeIgniter\View\View->CodeIgniter\View\{closure}()
 4 SYSTEMPATH\Common.php(1171): CodeIgniter\View\View->render('contact', [], true)
 5 APPPATH\Controllers\Home.php(26): view('contact')
 6 SYSTEMPATH\CodeIgniter.php(933): App\Controllers\Home->contactus()
 7 SYSTEMPATH\CodeIgniter.php(509): CodeIgniter\CodeIgniter->runController(Object(App\Controllers\Home))
 8 SYSTEMPATH\CodeIgniter.php(355): CodeIgniter\CodeIgniter->handleRequest(null, Object(Config\Cache), false)
 9 SYSTEMPATH\Boot.php(325): CodeIgniter\CodeIgniter->run()
10 SYSTEMPATH\Boot.php(67): CodeIgniter\Boot::runCodeIgniter(Object(CodeIgniter\CodeIgniter))
11 FCPATH\index.php(57): CodeIgniter\Boot::bootWeb(Object(Config\Paths))
CRITICAL - 2024-11-05 07:30:29 --> ErrorException: Undefined variable $message
[Method: GET, Route: contactus]
in APPPATH\Views\Contact.php on line 65.
 1 APPPATH\Views\Contact.php(65): CodeIgniter\Debug\Exceptions->errorHandler(2, 'Undefined variable $message', 'E:\\Xampp\\htdocs\\api\\app\\Views\\Contact.php', 65)
 2 SYSTEMPATH\View\View.php(234): include('E:\\Xampp\\htdocs\\api\\app\\Views\\Contact.php')
 3 SYSTEMPATH\View\View.php(237): CodeIgniter\View\View->CodeIgniter\View\{closure}()
 4 SYSTEMPATH\Common.php(1171): CodeIgniter\View\View->render('contact', [], true)
 5 APPPATH\Controllers\Home.php(26): view('contact')
 6 SYSTEMPATH\CodeIgniter.php(933): App\Controllers\Home->contactus()
 7 SYSTEMPATH\CodeIgniter.php(509): CodeIgniter\CodeIgniter->runController(Object(App\Controllers\Home))
 8 SYSTEMPATH\CodeIgniter.php(355): CodeIgniter\CodeIgniter->handleRequest(null, Object(Config\Cache), false)
 9 SYSTEMPATH\Boot.php(325): CodeIgniter\CodeIgniter->run()
10 SYSTEMPATH\Boot.php(67): CodeIgniter\Boot::runCodeIgniter(Object(CodeIgniter\CodeIgniter))
11 FCPATH\index.php(57): CodeIgniter\Boot::bootWeb(Object(Config\Paths))
CRITICAL - 2024-11-05 07:31:26 --> ErrorException: Undefined variable $message
[Method: GET, Route: contactus]
in APPPATH\Views\Contact.php on line 65.
 1 APPPATH\Views\Contact.php(65): CodeIgniter\Debug\Exceptions->errorHandler(2, 'Undefined variable $message', 'E:\\Xampp\\htdocs\\api\\app\\Views\\Contact.php', 65)
 2 SYSTEMPATH\View\View.php(234): include('E:\\Xampp\\htdocs\\api\\app\\Views\\Contact.php')
 3 SYSTEMPATH\View\View.php(237): CodeIgniter\View\View->CodeIgniter\View\{closure}()
 4 SYSTEMPATH\Common.php(1171): CodeIgniter\View\View->render('contact', [], true)
 5 APPPATH\Controllers\Home.php(26): view('contact')
 6 SYSTEMPATH\CodeIgniter.php(933): App\Controllers\Home->contactus()
 7 SYSTEMPATH\CodeIgniter.php(509): CodeIgniter\CodeIgniter->runController(Object(App\Controllers\Home))
 8 SYSTEMPATH\CodeIgniter.php(355): CodeIgniter\CodeIgniter->handleRequest(null, Object(Config\Cache), false)
 9 SYSTEMPATH\Boot.php(325): CodeIgniter\CodeIgniter->run()
10 SYSTEMPATH\Boot.php(67): CodeIgniter\Boot::runCodeIgniter(Object(CodeIgniter\CodeIgniter))
11 FCPATH\index.php(57): CodeIgniter\Boot::bootWeb(Object(Config\Paths))
CRITICAL - 2024-11-05 07:33:46 --> ErrorException: Undefined variable $message
[Method: GET, Route: contactus]
in APPPATH\Views\Contact.php on line 65.
 1 APPPATH\Views\Contact.php(65): CodeIgniter\Debug\Exceptions->errorHandler(2, 'Undefined variable $message', 'E:\\Xampp\\htdocs\\api\\app\\Views\\Contact.php', 65)
 2 SYSTEMPATH\View\View.php(234): include('E:\\Xampp\\htdocs\\api\\app\\Views\\Contact.php')
 3 SYSTEMPATH\View\View.php(237): CodeIgniter\View\View->CodeIgniter\View\{closure}()
 4 SYSTEMPATH\Common.php(1171): CodeIgniter\View\View->render('contact', [], true)
 5 APPPATH\Controllers\Home.php(26): view('contact')
 6 SYSTEMPATH\CodeIgniter.php(933): App\Controllers\Home->contactus()
 7 SYSTEMPATH\CodeIgniter.php(509): CodeIgniter\CodeIgniter->runController(Object(App\Controllers\Home))
 8 SYSTEMPATH\CodeIgniter.php(355): CodeIgniter\CodeIgniter->handleRequest(null, Object(Config\Cache), false)
 9 SYSTEMPATH\Boot.php(325): CodeIgniter\CodeIgniter->run()
10 SYSTEMPATH\Boot.php(67): CodeIgniter\Boot::runCodeIgniter(Object(CodeIgniter\CodeIgniter))
11 FCPATH\index.php(57): CodeIgniter\Boot::bootWeb(Object(Config\Paths))
CRITICAL - 2024-11-05 07:33:50 --> ErrorException: Undefined variable $message
[Method: GET, Route: contactus]
in APPPATH\Views\Contact.php on line 65.
 1 APPPATH\Views\Contact.php(65): CodeIgniter\Debug\Exceptions->errorHandler(2, 'Undefined variable $message', 'E:\\Xampp\\htdocs\\api\\app\\Views\\Contact.php', 65)
 2 SYSTEMPATH\View\View.php(234): include('E:\\Xampp\\htdocs\\api\\app\\Views\\Contact.php')
 3 SYSTEMPATH\View\View.php(237): CodeIgniter\View\View->CodeIgniter\View\{closure}()
 4 SYSTEMPATH\Common.php(1171): CodeIgniter\View\View->render('contact', [], true)
 5 APPPATH\Controllers\Home.php(26): view('contact')
 6 SYSTEMPATH\CodeIgniter.php(933): App\Controllers\Home->contactus()
 7 SYSTEMPATH\CodeIgniter.php(509): CodeIgniter\CodeIgniter->runController(Object(App\Controllers\Home))
 8 SYSTEMPATH\CodeIgniter.php(355): CodeIgniter\CodeIgniter->handleRequest(null, Object(Config\Cache), false)
 9 SYSTEMPATH\Boot.php(325): CodeIgniter\CodeIgniter->run()
10 SYSTEMPATH\Boot.php(67): CodeIgniter\Boot::runCodeIgniter(Object(CodeIgniter\CodeIgniter))
11 FCPATH\index.php(57): CodeIgniter\Boot::bootWeb(Object(Config\Paths))
CRITICAL - 2024-11-05 07:37:17 --> CodeIgniter\View\Exceptions\ViewException: Invalid file: "contactus.php"
[Method: GET, Route: contactus]
in SYSTEMPATH\Exceptions\FrameworkException.php on line 41.
 1 SYSTEMPATH\View\View.php(222): CodeIgniter\Exceptions\FrameworkException::forInvalidFile('contactus.php')
 2 SYSTEMPATH\Common.php(1171): CodeIgniter\View\View->render('contactus', [], true)
 3 APPPATH\Controllers\Home.php(26): view('contactus')
 4 SYSTEMPATH\CodeIgniter.php(933): App\Controllers\Home->contactus()
 5 SYSTEMPATH\CodeIgniter.php(509): CodeIgniter\CodeIgniter->runController(Object(App\Controllers\Home))
 6 SYSTEMPATH\CodeIgniter.php(355): CodeIgniter\CodeIgniter->handleRequest(null, Object(Config\Cache), false)
 7 SYSTEMPATH\Boot.php(325): CodeIgniter\CodeIgniter->run()
 8 SYSTEMPATH\Boot.php(67): CodeIgniter\Boot::runCodeIgniter(Object(CodeIgniter\CodeIgniter))
 9 FCPATH\index.php(57): CodeIgniter\Boot::bootWeb(Object(Config\Paths))
CRITICAL - 2024-11-05 07:37:20 --> CodeIgniter\View\Exceptions\ViewException: Invalid file: "contactus.php"
[Method: GET, Route: contactus]
in SYSTEMPATH\Exceptions\FrameworkException.php on line 41.
 1 SYSTEMPATH\View\View.php(222): CodeIgniter\Exceptions\FrameworkException::forInvalidFile('contactus.php')
 2 SYSTEMPATH\Common.php(1171): CodeIgniter\View\View->render('contactus', [], true)
 3 APPPATH\Controllers\Home.php(26): view('contactus')
 4 SYSTEMPATH\CodeIgniter.php(933): App\Controllers\Home->contactus()
 5 SYSTEMPATH\CodeIgniter.php(509): CodeIgniter\CodeIgniter->runController(Object(App\Controllers\Home))
 6 SYSTEMPATH\CodeIgniter.php(355): CodeIgniter\CodeIgniter->handleRequest(null, Object(Config\Cache), false)
 7 SYSTEMPATH\Boot.php(325): CodeIgniter\CodeIgniter->run()
 8 SYSTEMPATH\Boot.php(67): CodeIgniter\Boot::runCodeIgniter(Object(CodeIgniter\CodeIgniter))
 9 FCPATH\index.php(57): CodeIgniter\Boot::bootWeb(Object(Config\Paths))
CRITICAL - 2024-11-05 07:37:21 --> CodeIgniter\View\Exceptions\ViewException: Invalid file: "contactus.php"
[Method: GET, Route: contactus]
in SYSTEMPATH\Exceptions\FrameworkException.php on line 41.
 1 SYSTEMPATH\View\View.php(222): CodeIgniter\Exceptions\FrameworkException::forInvalidFile('contactus.php')
 2 SYSTEMPATH\Common.php(1171): CodeIgniter\View\View->render('contactus', [], true)
 3 APPPATH\Controllers\Home.php(26): view('contactus')
 4 SYSTEMPATH\CodeIgniter.php(933): App\Controllers\Home->contactus()
 5 SYSTEMPATH\CodeIgniter.php(509): CodeIgniter\CodeIgniter->runController(Object(App\Controllers\Home))
 6 SYSTEMPATH\CodeIgniter.php(355): CodeIgniter\CodeIgniter->handleRequest(null, Object(Config\Cache), false)
 7 SYSTEMPATH\Boot.php(325): CodeIgniter\CodeIgniter->run()
 8 SYSTEMPATH\Boot.php(67): CodeIgniter\Boot::runCodeIgniter(Object(CodeIgniter\CodeIgniter))
 9 FCPATH\index.php(57): CodeIgniter\Boot::bootWeb(Object(Config\Paths))
CRITICAL - 2024-11-05 07:37:33 --> CodeIgniter\View\Exceptions\ViewException: Invalid file: "contactus.php"
[Method: GET, Route: contactus]
in SYSTEMPATH\Exceptions\FrameworkException.php on line 41.
 1 SYSTEMPATH\View\View.php(222): CodeIgniter\Exceptions\FrameworkException::forInvalidFile('contactus.php')
 2 SYSTEMPATH\Common.php(1171): CodeIgniter\View\View->render('contactus', [], true)
 3 APPPATH\Controllers\Home.php(26): view('contactus')
 4 SYSTEMPATH\CodeIgniter.php(933): App\Controllers\Home->contactus()
 5 SYSTEMPATH\CodeIgniter.php(509): CodeIgniter\CodeIgniter->runController(Object(App\Controllers\Home))
 6 SYSTEMPATH\CodeIgniter.php(355): CodeIgniter\CodeIgniter->handleRequest(null, Object(Config\Cache), false)
 7 SYSTEMPATH\Boot.php(325): CodeIgniter\CodeIgniter->run()
 8 SYSTEMPATH\Boot.php(67): CodeIgniter\Boot::runCodeIgniter(Object(CodeIgniter\CodeIgniter))
 9 FCPATH\index.php(57): CodeIgniter\Boot::bootWeb(Object(Config\Paths))
CRITICAL - 2024-11-05 07:45:58 --> CodeIgniter\View\Exceptions\ViewException: Invalid file: "contactus.php"
[Method: GET, Route: contactus]
in SYSTEMPATH\Exceptions\FrameworkException.php on line 41.
 1 SYSTEMPATH\View\View.php(222): CodeIgniter\Exceptions\FrameworkException::forInvalidFile('contactus.php')
 2 SYSTEMPATH\Common.php(1171): CodeIgniter\View\View->render('contactus', [], true)
 3 APPPATH\Controllers\Home.php(26): view('contactus')
 4 SYSTEMPATH\CodeIgniter.php(933): App\Controllers\Home->contactus()
 5 SYSTEMPATH\CodeIgniter.php(509): CodeIgniter\CodeIgniter->runController(Object(App\Controllers\Home))
 6 SYSTEMPATH\CodeIgniter.php(355): CodeIgniter\CodeIgniter->handleRequest(null, Object(Config\Cache), false)
 7 SYSTEMPATH\Boot.php(325): CodeIgniter\CodeIgniter->run()
 8 SYSTEMPATH\Boot.php(67): CodeIgniter\Boot::runCodeIgniter(Object(CodeIgniter\CodeIgniter))
 9 FCPATH\index.php(57): CodeIgniter\Boot::bootWeb(Object(Config\Paths))
CRITICAL - 2024-11-05 08:34:02 --> CodeIgniter\View\Exceptions\ViewException: Invalid file: "contactus.php"
[Method: GET, Route: contactus]
in SYSTEMPATH\Exceptions\FrameworkException.php on line 41.
 1 SYSTEMPATH\View\View.php(222): CodeIgniter\Exceptions\FrameworkException::forInvalidFile('contactus.php')
 2 SYSTEMPATH\Common.php(1171): CodeIgniter\View\View->render('contactus', [], true)
 3 APPPATH\Controllers\Home.php(26): view('contactus')
 4 SYSTEMPATH\CodeIgniter.php(933): App\Controllers\Home->contactus()
 5 SYSTEMPATH\CodeIgniter.php(509): CodeIgniter\CodeIgniter->runController(Object(App\Controllers\Home))
 6 SYSTEMPATH\CodeIgniter.php(355): CodeIgniter\CodeIgniter->handleRequest(null, Object(Config\Cache), false)
 7 SYSTEMPATH\Boot.php(325): CodeIgniter\CodeIgniter->run()
 8 SYSTEMPATH\Boot.php(67): CodeIgniter\Boot::runCodeIgniter(Object(CodeIgniter\CodeIgniter))
 9 FCPATH\index.php(57): CodeIgniter\Boot::bootWeb(Object(Config\Paths))
CRITICAL - 2024-11-05 08:34:04 --> CodeIgniter\View\Exceptions\ViewException: Invalid file: "contactus.php"
[Method: GET, Route: contactus]
in SYSTEMPATH\Exceptions\FrameworkException.php on line 41.
 1 SYSTEMPATH\View\View.php(222): CodeIgniter\Exceptions\FrameworkException::forInvalidFile('contactus.php')
 2 SYSTEMPATH\Common.php(1171): CodeIgniter\View\View->render('contactus', [], true)
 3 APPPATH\Controllers\Home.php(26): view('contactus')
 4 SYSTEMPATH\CodeIgniter.php(933): App\Controllers\Home->contactus()
 5 SYSTEMPATH\CodeIgniter.php(509): CodeIgniter\CodeIgniter->runController(Object(App\Controllers\Home))
 6 SYSTEMPATH\CodeIgniter.php(355): CodeIgniter\CodeIgniter->handleRequest(null, Object(Config\Cache), false)
 7 SYSTEMPATH\Boot.php(325): CodeIgniter\CodeIgniter->run()
 8 SYSTEMPATH\Boot.php(67): CodeIgniter\Boot::runCodeIgniter(Object(CodeIgniter\CodeIgniter))
 9 FCPATH\index.php(57): CodeIgniter\Boot::bootWeb(Object(Config\Paths))
