CRITICAL - 2024-11-01 14:43:15 --> ErrorException: Declaration of App\Controllers\Login::validate() must be compatible with CodeIgniter\Controller::validate($rules, array $messages = []): bool
[Method: GET, Route: login]
in APPPATH\Controllers\login.php on line 16.
 1 [internal function]: CodeIgniter\Debug\Exceptions->shutdownHandler()
CRITICAL - 2024-11-01 14:46:40 --> ErrorException: Declaration of App\Controllers\Login::validate() must be compatible with CodeIgniter\Controller::validate($rules, array $messages = []): bool
[Method: GET, Route: login]
in APPPATH\Controllers\Login.php on line 16.
 1 [internal function]: CodeIgniter\Debug\Exceptions->shutdownHandler()
CRITICAL - 2024-11-01 14:46:43 --> ErrorException: Declaration of App\Controllers\Login::validate() must be compatible with CodeIgniter\Controller::validate($rules, array $messages = []): bool
[Method: GET, Route: login]
in APPPATH\Controllers\Login.php on line 16.
 1 [internal function]: CodeIgniter\Debug\Exceptions->shutdownHandler()
CRITICAL - 2024-11-01 14:47:37 --> ErrorException: Declaration of App\Controllers\Login::validate() must be compatible with CodeIgniter\Controller::validate($rules, array $messages = []): bool
[Method: GET, Route: login]
in APPPATH\Controllers\Login.php on line 16.
 1 [internal function]: CodeIgniter\Debug\Exceptions->shutdownHandler()
CRITICAL - 2024-11-01 14:47:40 --> ErrorException: Declaration of App\Controllers\Login::validate() must be compatible with CodeIgniter\Controller::validate($rules, array $messages = []): bool
[Method: GET, Route: login]
in APPPATH\Controllers\Login.php on line 16.
 1 [internal function]: CodeIgniter\Debug\Exceptions->shutdownHandler()
CRITICAL - 2024-11-01 14:47:42 --> ErrorException: Declaration of App\Controllers\Login::validate() must be compatible with CodeIgniter\Controller::validate($rules, array $messages = []): bool
[Method: GET, Route: login]
in APPPATH\Controllers\Login.php on line 16.
 1 [internal function]: CodeIgniter\Debug\Exceptions->shutdownHandler()
CRITICAL - 2024-11-01 14:47:43 --> ErrorException: Declaration of App\Controllers\Login::validate() must be compatible with CodeIgniter\Controller::validate($rules, array $messages = []): bool
[Method: GET, Route: login]
in APPPATH\Controllers\Login.php on line 16.
 1 [internal function]: CodeIgniter\Debug\Exceptions->shutdownHandler()
CRITICAL - 2024-11-01 14:47:43 --> ErrorException: Declaration of App\Controllers\Login::validate() must be compatible with CodeIgniter\Controller::validate($rules, array $messages = []): bool
[Method: GET, Route: login]
in APPPATH\Controllers\Login.php on line 16.
 1 [internal function]: CodeIgniter\Debug\Exceptions->shutdownHandler()
CRITICAL - 2024-11-01 14:48:22 --> ErrorException: Declaration of App\Controllers\Login::validate() must be compatible with CodeIgniter\Controller::validate($rules, array $messages = []): bool
[Method: GET, Route: login]
in APPPATH\Controllers\Login.php on line 16.
 1 [internal function]: CodeIgniter\Debug\Exceptions->shutdownHandler()
CRITICAL - 2024-11-01 14:48:26 --> ErrorException: Declaration of App\Controllers\Login::validate() must be compatible with CodeIgniter\Controller::validate($rules, array $messages = []): bool
[Method: GET, Route: login]
in APPPATH\Controllers\Login.php on line 16.
 1 [internal function]: CodeIgniter\Debug\Exceptions->shutdownHandler()
CRITICAL - 2024-11-01 14:48:30 --> ErrorException: Declaration of App\Controllers\Login::validate() must be compatible with CodeIgniter\Controller::validate($rules, array $messages = []): bool
[Method: GET, Route: login]
in APPPATH\Controllers\Login.php on line 16.
 1 [internal function]: CodeIgniter\Debug\Exceptions->shutdownHandler()
CRITICAL - 2024-11-01 14:48:30 --> ErrorException: Declaration of App\Controllers\Login::validate() must be compatible with CodeIgniter\Controller::validate($rules, array $messages = []): bool
[Method: GET, Route: login]
in APPPATH\Controllers\Login.php on line 16.
 1 [internal function]: CodeIgniter\Debug\Exceptions->shutdownHandler()
CRITICAL - 2024-11-01 14:48:32 --> ErrorException: Declaration of App\Controllers\Login::validate() must be compatible with CodeIgniter\Controller::validate($rules, array $messages = []): bool
[Method: GET, Route: login]
in APPPATH\Controllers\Login.php on line 16.
 1 [internal function]: CodeIgniter\Debug\Exceptions->shutdownHandler()
CRITICAL - 2024-11-01 14:48:32 --> ErrorException: Declaration of App\Controllers\Login::validate() must be compatible with CodeIgniter\Controller::validate($rules, array $messages = []): bool
[Method: GET, Route: login]
in APPPATH\Controllers\Login.php on line 16.
 1 [internal function]: CodeIgniter\Debug\Exceptions->shutdownHandler()
CRITICAL - 2024-11-01 14:48:33 --> ErrorException: Declaration of App\Controllers\Login::validate() must be compatible with CodeIgniter\Controller::validate($rules, array $messages = []): bool
[Method: GET, Route: login]
in APPPATH\Controllers\Login.php on line 16.
 1 [internal function]: CodeIgniter\Debug\Exceptions->shutdownHandler()
CRITICAL - 2024-11-01 14:48:33 --> ErrorException: Declaration of App\Controllers\Login::validate() must be compatible with CodeIgniter\Controller::validate($rules, array $messages = []): bool
[Method: GET, Route: login]
in APPPATH\Controllers\Login.php on line 16.
 1 [internal function]: CodeIgniter\Debug\Exceptions->shutdownHandler()
CRITICAL - 2024-11-01 14:48:34 --> ErrorException: Declaration of App\Controllers\Login::validate() must be compatible with CodeIgniter\Controller::validate($rules, array $messages = []): bool
[Method: GET, Route: login]
in APPPATH\Controllers\Login.php on line 16.
 1 [internal function]: CodeIgniter\Debug\Exceptions->shutdownHandler()
CRITICAL - 2024-11-01 14:50:53 --> ErrorException: Declaration of App\Controllers\Login::validate() must be compatible with CodeIgniter\Controller::validate($rules, array $messages = []): bool
[Method: GET, Route: login]
in APPPATH\Controllers\Login.php on line 16.
 1 [internal function]: CodeIgniter\Debug\Exceptions->shutdownHandler()
CRITICAL - 2024-11-01 14:50:59 --> ErrorException: Declaration of App\Controllers\Login::validate() must be compatible with CodeIgniter\Controller::validate($rules, array $messages = []): bool
[Method: GET, Route: login]
in APPPATH\Controllers\Login.php on line 16.
 1 [internal function]: CodeIgniter\Debug\Exceptions->shutdownHandler()
